[2018-08-31 15:20:14] my_logger.INFO: GET /games [] []
[2018-08-31 15:21:24] my_logger.INFO: GET /games [] []
[2018-08-31 15:22:56] my_logger.INFO: GET /games [] []
[2018-08-31 15:23:12] my_logger.INFO: GET /games [] []
[2018-08-31 15:23:46] my_logger.INFO: GET /games [] []
[2018-08-31 15:25:49] my_logger.INFO: GET /games [] []
[2018-08-31 15:33:25] my_logger.INFO: GET /games [] []
[2018-08-31 15:34:16] my_logger.INFO: GET /games [] []
[2018-08-31 15:40:17] my_logger.INFO: GET /games [] []
[2018-09-01 20:39:37] my_logger.INFO: GET /games [] []
[2018-09-01 20:40:11] my_logger.INFO: GET /games [] []
[2018-09-01 20:44:24] my_logger.INFO: GET /games [] []
[2018-09-01 20:44:28] my_logger.INFO: GET /games/2 [] []
[2018-09-01 20:46:27] my_logger.INFO: GET /games/2 [] []
[2018-09-01 20:52:17] my_logger.INFO: GET /games [] []
[2018-09-01 20:54:17] my_logger.INFO: GET /games/3 [] []
[2018-09-01 20:54:25] my_logger.INFO: DELETE /games/3 [] []
[2018-09-01 20:54:30] my_logger.INFO: GET /games [] []
[2018-09-01 20:54:42] my_logger.INFO: GET /games [] []
[2018-09-01 21:02:42] my_logger.INFO: PUT /games/1 [] []
[2018-09-01 21:02:50] my_logger.INFO: GET /games [] []
[2018-09-01 21:41:50] my_logger.INFO: PUT /games/1 [] []
[2018-09-01 21:42:36] my_logger.INFO: PUT /games [] []
[2018-09-01 21:42:51] my_logger.INFO: GET /games [] []
[2018-09-01 21:45:31] my_logger.INFO: POST /games [] []
[2018-09-01 21:45:55] my_logger.INFO: POST /games [] []
[2018-09-01 21:52:52] my_logger.INFO: POST /games [] []
[2018-09-01 21:59:03] my_logger.INFO: POST /games [] []
[2018-09-01 22:02:40] my_logger.INFO: POST /games [] []
[2018-09-01 22:03:09] my_logger.INFO: POST /games [] []
[2018-09-01 22:05:11] my_logger.INFO: POST /games [] []
[2018-09-01 22:08:08] my_logger.INFO: POST /games [] []
[2018-09-01 22:08:13] my_logger.INFO: GET /games [] []
[2018-09-01 22:08:49] my_logger.INFO: POST /games [] []
[2018-09-01 22:09:15] my_logger.INFO: POST /games [] []
[2018-09-01 22:09:32] my_logger.INFO: POST /games [] []
[2018-09-01 22:09:37] my_logger.INFO: POST /games [] []
[2018-09-01 22:10:41] my_logger.INFO: POST /games [] []
[2018-09-01 22:13:08] my_logger.INFO: POST /games [] []
